2025-04-30 11:12:32,475 - INFO - ('yyyyy2_okx', 'ETH-USDT-SWAP', 'MidLine.iloc[-1]', 1800.962, 'LFrame_vpPOC', 0     1799.065455
1     1799.948449
2     1799.865602
3     1799.906717
4     1800.101620
         ...     
95    1801.508020
96    1801.359760
97    1801.323467
98    1801.198854
99    1800.942614
Length: 100, dtype: float64, 'price0', 1798.01, datetime.datetime(2025, 4, 30, 11, 12, 26, 731461), 'buylong')
2025-04-30 11:12:33,560 - INFO - ('yyyyy2_okx', 'DOGE-USDT-SWAP', 'MidLine.iloc[-1]', 0.1751705, 'LFrame_vpPOC', 0     0.174467
1     0.174545
2     0.174566
3     0.174590
4     0.174602
        ...   
95    0.175325
96    0.175320
97    0.175314
98    0.175290
99    0.175178
Length: 100, dtype: float64, 'price0', 0.17467, datetime.datetime(2025, 4, 30, 11, 12, 29, 586004), 'buylong')
2025-04-30 11:12:45,545 - INFO - ('yyyyy2_okx', 'ETH-USDT-SWAP', 'MidLine.iloc[-1]', 1800.9585, 'LFrame_vpPOC', 0     1799.065455
1     1799.948449
2     1799.865602
3     1799.906717
4     1800.101620
         ...     
95    1801.508020
96    1801.359760
97    1801.323467
98    1801.198854
99    1800.890654
Length: 100, dtype: float64, 'price0', 1797.94, datetime.datetime(2025, 4, 30, 11, 12, 40, 453234), 'buylong')
2025-04-30 11:12:47,514 - INFO - ('yyyyy2_okx', 'DOGE-USDT-SWAP', 'MidLine.iloc[-1]', 0.1751705, 'LFrame_vpPOC', 0     0.174467
1     0.174545
2     0.174566
3     0.174590
4     0.174602
        ...   
95    0.175325
96    0.175320
97    0.175314
98    0.175290
99    0.175170
Length: 100, dtype: float64, 'price0', 0.17467, datetime.datetime(2025, 4, 30, 11, 12, 43, 548591), 'buylong')
2025-04-30 11:12:57,448 - INFO - ('yyyyy2_okx', 'ETH-USDT-SWAP', 'MidLine.iloc[-1]', 1800.962, 'LFrame_vpPOC', 0     1799.065455
1     1799.948449
2     1799.865602
3     1799.906717
4     1800.101620
         ...     
95    1801.508020
96    1801.359760
97    1801.323467
98    1801.198854
99    1800.860700
Length: 100, dtype: float64, 'price0', 1798.01, datetime.datetime(2025, 4, 30, 11, 12, 51, 996275), 'buylong')
2025-04-30 11:13:00,096 - INFO - ('yyyyy2_okx', 'DOGE-USDT-SWAP', 'MidLine.iloc[-1]', 0.1751715, 'LFrame_vpPOC', 0     0.174467
1     0.174545
2     0.174566
3     0.174590
4     0.174602
        ...   
95    0.175325
96    0.175320
97    0.175314
98    0.175290
99    0.175165
Length: 100, dtype: float64, 'price0', 0.17469, datetime.datetime(2025, 4, 30, 11, 12, 55, 422828), 'buylong')
2025-04-30 11:13:10,661 - INFO - ('yyyyy2_okx', 'DOGE-USDT-SWAP', 'MidLine.iloc[-1]', 0.175134, 'LFrame_vpPOC', 0     0.174655
1     0.174671
2     0.174661
3     0.174685
4     0.174677
        ...   
95    0.175320
96    0.175314
97    0.175290
98    0.175165
99    0.175156
Length: 100, dtype: float64, 'price0', 0.17468, datetime.datetime(2025, 4, 30, 11, 13, 7, 585202), 'buylong')
2025-04-30 11:20:57,843 - INFO - ('yyyyy2_okx', 'DOGE-USDT-SWAP', 'MidLine.iloc[-1]', 0.175114, 'LFrame_vpPOC', 0     0.174398
1     0.174454
2     0.174380
3     0.174266
4     0.174114
        ...   
95    0.175142
96    0.175130
97    0.175143
98    0.175144
99    0.175245
Length: 100, dtype: float64, 'price0', 0.17562, datetime.datetime(2025, 4, 30, 11, 20, 54, 785678), 'buyshort')
2025-04-30 11:22:37,822 - INFO - ('yyyyy2_okx', 'DOGE-USDT-SWAP', 'MidLine.iloc[-1]', 0.175166, 'LFrame_vpPOC', 0     0.174295
1     0.174178
2     0.174038
3     0.173943
4     0.173888
        ...   
95    0.175143
96    0.175144
97    0.175252
98    0.175264
99    0.175268
Length: 100, dtype: float64, 'price0', 0.17579, datetime.datetime(2025, 4, 30, 11, 22, 32, 714872), 'buyshort')
2025-04-30 11:22:38,669 - INFO - ('yyyyy2_okx', 'ETH-USDT-SWAP', 'MidLine.iloc[-1]', 1800.2710000000002, 'LFrame_vpPOC', 0     1796.963182
1     1796.170656
2     1794.823995
3     1793.733043
4     1793.574219
         ...     
95    1800.288660
96    1800.399335
97    1800.540123
98    1800.561186
99    1800.516261
Length: 100, dtype: float64, 'price0', 1803.0, datetime.datetime(2025, 4, 30, 11, 22, 34, 481521), 'buyshort')
2025-04-30 11:22:51,129 - INFO - ('yyyyy2_okx', 'XRP-USDT-SWAP', 'MidLine.iloc[-1]', 2.23797, 'LFrame_vpPOC', 0     2.230650
1     2.229445
2     2.229134
3     2.228078
4     2.227104
        ...   
95    2.239177
96    2.239149
97    2.239419
98    2.239297
99    2.239361
Length: 100, dtype: float64, 'price0', 2.2417, datetime.datetime(2025, 4, 30, 11, 22, 46, 210635), 'buyshort')
2025-04-30 11:23:01,985 - INFO - ('yyyyy2_okx', 'DOGE-USDT-SWAP', 'MidLine.iloc[-1]', 0.1751555, 'LFrame_vpPOC', 0     0.174295
1     0.174178
2     0.174038
3     0.173943
4     0.173888
        ...   
95    0.175143
96    0.175144
97    0.175252
98    0.175264
99    0.175309
Length: 100, dtype: float64, 'price0', 0.17558, datetime.datetime(2025, 4, 30, 11, 22, 58, 819909), 'buyshort')
2025-04-30 11:46:32,998 - INFO - ('yyyyy2_okx', 'TRUMP-USDT-SWAP', 'MidLine.iloc[-1]', 12.98065, 'LFrame_vpPOC', 0     12.915227
1     12.920315
2     12.925381
3     12.921958
4     12.915547
        ...    
95    12.981485
96    12.979484
97    12.979894
98    12.983032
99    12.983465
Length: 100, dtype: float64, 'price0', 13.013, datetime.datetime(2025, 4, 30, 11, 46, 26, 187340), 'buyshort')
2025-04-30 11:46:52,305 - INFO - ('yyyyy2_okx', 'TRUMP-USDT-SWAP', 'MidLine.iloc[-1]', 12.981649999999998, 'LFrame_vpPOC', 0     12.915227
1     12.920315
2     12.925381
3     12.921958
4     12.915547
        ...    
95    12.981485
96    12.979484
97    12.979894
98    12.983032
99    12.985432
Length: 100, dtype: float64, 'price0', 13.033, datetime.datetime(2025, 4, 30, 11, 46, 41, 648141), 'buyshort')
2025-04-30 11:47:06,776 - INFO - ('yyyyy2_okx', 'ETH-USDT-SWAP', 'MidLine.iloc[-1]', 1801.511, 'LFrame_vpPOC', 0     1793.759091
1     1794.688949
2     1795.161490
3     1795.301291
4     1795.431365
         ...     
95    1801.342242
96    1801.530872
97    1801.451162
98    1801.615441
99    1801.863904
Length: 100, dtype: float64, 'price0', 1804.09, datetime.datetime(2025, 4, 30, 11, 46, 57, 321580), 'buyshort')
2025-04-30 11:47:08,547 - INFO - ('yyyyy2_okx', 'DOGE-USDT-SWAP', 'MidLine.iloc[-1]', 0.1756615, 'LFrame_vpPOC', 0     0.174608
1     0.174743
2     0.174794
3     0.174807
4     0.174787
        ...   
95    0.175572
96    0.175582
97    0.175580
98    0.175601
99    0.175646
Length: 100, dtype: float64, 'price0', 0.17596, datetime.datetime(2025, 4, 30, 11, 47, 0, 796879), 'buyshort')
2025-04-30 11:47:09,402 - INFO - ('yyyyy2_okx', 'TRUMP-USDT-SWAP', 'MidLine.iloc[-1]', 12.982050000000001, 'LFrame_vpPOC', 0     12.915227
1     12.920315
2     12.925381
3     12.921958
4     12.915547
        ...    
95    12.981485
96    12.979484
97    12.979894
98    12.983032
99    12.986890
Length: 100, dtype: float64, 'price0', 13.041, datetime.datetime(2025, 4, 30, 11, 46, 59, 942847), 'buyshort')
2025-04-30 11:47:26,371 - INFO - ('yyyyy2_okx', 'TRUMP-USDT-SWAP', 'MidLine.iloc[-1]', 12.9847, 'LFrame_vpPOC', 0     12.925955
1     12.935397
2     12.924769
3     12.915632
4     12.914577
        ...    
95    12.979484
96    12.979894
97    12.983032
98    12.987056
99    12.990701
Length: 100, dtype: float64, 'price0', 13.034, datetime.datetime(2025, 4, 30, 11, 47, 19, 9306), 'buyshort')
2025-04-30 11:47:42,433 - INFO - ('yyyyy2_okx', 'TRUMP-USDT-SWAP', 'MidLine.iloc[-1]', 12.984399999999999, 'LFrame_vpPOC', 0     12.925955
1     12.935397
2     12.924769
3     12.915632
4     12.914577
        ...    
95    12.979484
96    12.979894
97    12.983032
98    12.987056
99    12.991160
Length: 100, dtype: float64, 'price0', 13.028, datetime.datetime(2025, 4, 30, 11, 47, 33, 689226), 'buyshort')
2025-04-30 11:48:02,376 - INFO - ('yyyyy2_okx', 'TRUMP-USDT-SWAP', 'MidLine.iloc[-1]', 12.9853, 'LFrame_vpPOC', 0     12.925955
1     12.935397
2     12.924769
3     12.915632
4     12.914577
        ...    
95    12.979484
96    12.979894
97    12.983032
98    12.987056
99    12.992576
Length: 100, dtype: float64, 'price0', 13.046, datetime.datetime(2025, 4, 30, 11, 47, 55, 608286), 'buyshort')
2025-04-30 11:48:15,532 - INFO - ('yyyyy2_okx', 'ETH-USDT-SWAP', 'MidLine.iloc[-1]', 1802.05, 'LFrame_vpPOC', 0     1796.014545
1     1795.910212
2     1795.975848
3     1796.162564
4     1796.408094
         ...     
95    1801.451162
96    1801.615441
97    1801.988720
98    1802.520504
99    1802.651937
Length: 100, dtype: float64, 'price0', 1805.63, datetime.datetime(2025, 4, 30, 11, 48, 6, 548072), 'buyshort')
2025-04-30 11:48:17,071 - INFO - ('yyyyy2_okx', 'DOGE-USDT-SWAP', 'MidLine.iloc[-1]', 0.1757025, 'LFrame_vpPOC', 0     0.174861
1     0.174857
2     0.174842
3     0.174835
4     0.174852
        ...   
95    0.175580
96    0.175601
97    0.175648
98    0.175670
99    0.175674
Length: 100, dtype: float64, 'price0', 0.17593, datetime.datetime(2025, 4, 30, 11, 48, 8, 912203), 'buyshort')
2025-04-30 12:06:57,527 - INFO - ('yyyyy2_okx', 'TRUMP-USDT-SWAP', 'MidLine.iloc[-1]', 13.088150000000002, 'LFrame_vpPOC', 0     13.006455
1     13.002159
2     13.000552
3     12.997855
4     12.995216
        ...    
95    13.091121
96    13.092706
97    13.088477
98    13.088475
99    13.085440
Length: 100, dtype: float64, 'price0', 13.02, datetime.datetime(2025, 4, 30, 12, 6, 50, 704272), 'buylong')
